# JRE version: OpenJDK Runtime Environment (8.0_112-b06) (build 1.8.0_112-release-b06)
# Java VM: OpenJDK 64-Bit Server VM (25.112-b06 mixed mode bsd-amd64 compressed oops)
Heap:
 PSYoungGen      total 487936K, used 122659K [0x00000007a0000000, 0x00000007c0000000, 0x00000007c0000000)
  eden space 456704K, 21% used [0x00000007a0000000,0x00000007a5ea6638,0x00000007bbe00000)
  from space 31232K, 82% used [0x00000007bdf80000,0x00000007bf8a2910,0x00000007bfe00000)
  to   space 33792K, 0% used [0x00000007bbe00000,0x00000007bbe00000,0x00000007bdf00000)
 ParOldGen       total 136192K, used 97129K [0x0000000760000000, 0x0000000768500000, 0x00000007a0000000)
  object space 136192K, 71% used [0x0000000760000000,0x0000000765eda630,0x0000000768500000)
 Metaspace       used 101970K, capacity 111980K, committed 112256K, reserved 1146880K
  class space    used 12828K, capacity 14094K, committed 14208K, reserved 1048576K
GC Heap History (10 events):
Event: 46065.125 GC heap before
{Heap before GC invocations=60 (full 6):
 PSYoungGen      total 484352K, used 470497K [0x00000007a0000000, 0x00000007c0000000, 0x00000007c0000000)
  eden space 449024K, 100% used [0x00000007a0000000,0x00000007bb680000,0x00000007bb680000)
  from space 35328K, 60% used [0x00000007bb680000,0x00000007bcb787a0,0x00000007bd900000)
  to   space 35840K, 0% used [0x00000007bdd00000,0x00000007bdd00000,0x00000007c0000000)
 ParOldGen       total 136192K, used 97089K [0x0000000760000000, 0x0000000768500000, 0x00000007a0000000)
  object space 136192K, 71% used [0x0000000760000000,0x0000000765ed0630,0x0000000768500000)
 Metaspace       used 85263K, capacity 93268K, committed 93312K, reserved 1130496K
  class space    used 10657K, capacity 11618K, committed 11648K, reserved 1048576K
Event: 46066.269 GC heap after
Heap after GC invocations=60 (full 6):
 PSYoungGen      total 485376K, used 13633K [0x00000007a0000000, 0x00000007bfc80000, 0x00000007c0000000)
  eden space 453120K, 0% used [0x00000007a0000000,0x00000007a0000000,0x00000007bba80000)
  from space 32256K, 42% used [0x00000007bdd00000,0x00000007bea506a0,0x00000007bfc80000)
  to   space 33792K, 0% used [0x00000007bba80000,0x00000007bba80000,0x00000007bdb80000)
 ParOldGen       total 136192K, used 97097K [0x0000000760000000, 0x0000000768500000, 0x00000007a0000000)
  object space 136192K, 71% used [0x0000000760000000,0x0000000765ed2630,0x0000000768500000)
 Metaspace       used 85263K, capacity 93268K, committed 93312K, reserved 1130496K
  class space    used 10657K, capacity 11618K, committed 11648K, reserved 1048576K
}
Event: 46283.125 GC heap before
{Heap before GC invocations=61 (full 6):
 PSYoungGen      total 485376K, used 465842K [0x00000007a0000000, 0x00000007bfc80000, 0x00000007c0000000)
  eden space 453120K, 99% used [0x00000007a0000000,0x00000007bb99c328,0x00000007bba80000)
  from space 32256K, 42% used [0x00000007bdd00000,0x00000007bea506a0,0x00000007bfc80000)
  to   space 33792K, 0% used [0x00000007bba80000,0x00000007bba80000,0x00000007bdb80000)
 ParOldGen       total 136192K, used 97097K [0x0000000760000000, 0x0000000768500000, 0x00000007a0000000)
  object space 136192K, 71% used [0x0000000760000000,0x0000000765ed2630,0x0000000768500000)
 Metaspace       used 85404K, capacity 93496K, committed 93568K, reserved 1130496K
  class space    used 10667K, capacity 11628K, committed 11648K, reserved 1048576K
Event: 46286.683 GC heap after
Heap after GC invocations=61 (full 6):
 PSYoungGen      total 486912K, used 19075K [0x00000007a0000000, 0x00000007c0000000, 0x00000007c0000000)
  eden space 453120K, 0% used [0x00000007a0000000,0x00000007a0000000,0x00000007bba80000)
  from space 33792K, 56% used [0x00000007bba80000,0x00000007bcd20f50,0x00000007bdb80000)
  to   space 33792K, 0% used [0x00000007bdf00000,0x00000007bdf00000,0x00000007c0000000)
 ParOldGen       total 136192K, used 97105K [0x0000000760000000, 0x0000000768500000, 0x00000007a0000000)
  object space 136192K, 71% used [0x0000000760000000,0x0000000765ed4630,0x0000000768500000)
 Metaspace       used 85404K, capacity 93496K, committed 93568K, reserved 1130496K
  class space    used 10667K, capacity 11628K, committed 11648K, reserved 1048576K
}
Event: 47499.263 GC heap before
{Heap before GC invocations=62 (full 6):
 PSYoungGen      total 486912K, used 472195K [0x00000007a0000000, 0x00000007c0000000, 0x00000007c0000000)
  eden space 453120K, 100% used [0x00000007a0000000,0x00000007bba80000,0x00000007bba80000)
  from space 33792K, 56% used [0x00000007bba80000,0x00000007bcd20f50,0x00000007bdb80000)
  to   space 33792K, 0% used [0x00000007bdf00000,0x00000007bdf00000,0x00000007c0000000)
 ParOldGen       total 136192K, used 97105K [0x0000000760000000, 0x0000000768500000, 0x00000007a0000000)
  object space 136192K, 71% used [0x0000000760000000,0x0000000765ed4630,0x0000000768500000)
 Metaspace       used 86008K, capacity 94490K, committed 94720K, reserved 1132544K
  class space    used 10753K, capacity 11717K, committed 11776K, reserved 1048576K
Event: 47500.015 GC heap after
Heap after GC invocations=62 (full 6):
 PSYoungGen      total 488448K, used 18302K [0x00000007a0000000, 0x00000007bfe00000, 0x00000007c0000000)
  eden space 456704K, 0% used [0x00000007a0000000,0x00000007a0000000,0x00000007bbe00000)
  from space 31744K, 57% used [0x00000007bdf00000,0x00000007bf0df8f0,0x00000007bfe00000)
  to   space 32768K, 0% used [0x00000007bbe00000,0x00000007bbe00000,0x00000007bde00000)
 ParOldGen       total 136192K, used 97113K [0x0000000760000000, 0x0000000768500000, 0x00000007a0000000)
  object space 136192K, 71% used [0x0000000760000000,0x0000000765ed6630,0x0000000768500000)
 Metaspace       used 86008K, capacity 94490K, committed 94720K, reserved 1132544K
  class space    used 10753K, capacity 11717K, committed 11776K, reserved 1048576K
}
Event: 55973.336 GC heap before
{Heap before GC invocations=63 (full 6):
 PSYoungGen      total 488448K, used 475006K [0x00000007a0000000, 0x00000007bfe00000, 0x00000007c0000000)
  eden space 456704K, 100% used [0x00000007a0000000,0x00000007bbe00000,0x00000007bbe00000)
  from space 31744K, 57% used [0x00000007bdf00000,0x00000007bf0df8f0,0x00000007bfe00000)
  to   space 32768K, 0% used [0x00000007bbe00000,0x00000007bbe00000,0x00000007bde00000)
 ParOldGen       total 136192K, used 97113K [0x0000000760000000, 0x0000000768500000, 0x00000007a0000000)
  object space 136192K, 71% used [0x0000000760000000,0x0000000765ed6630,0x0000000768500000)
 Metaspace       used 92757K, capacity 101666K, committed 101888K, reserved 1138688K
  class space    used 11622K, capacity 12717K, committed 12800K, reserved 1048576K
Event: 55982.697 GC heap after
Heap after GC invocations=63 (full 6):
 PSYoungGen      total 489472K, used 16583K [0x00000007a0000000, 0x00000007bfe00000, 0x00000007c0000000)
  eden space 456704K, 0% used [0x00000007a0000000,0x00000007a0000000,0x00000007bbe00000)
  from space 32768K, 50% used [0x00000007bbe00000,0x00000007bce31f78,0x00000007bde00000)
  to   space 31232K, 0% used [0x00000007bdf80000,0x00000007bdf80000,0x00000007bfe00000)
 ParOldGen       total 136192K, used 97121K [0x0000000760000000, 0x0000000768500000, 0x00000007a0000000)
  object space 136192K, 71% used [0x0000000760000000,0x0000000765ed8630,0x0000000768500000)
 Metaspace       used 92757K, capacity 101666K, committed 101888K, reserved 1138688K
  class space    used 11622K, capacity 12717K, committed 12800K, reserved 1048576K
}
Event: 57096.319 GC heap before
{Heap before GC invocations=64 (full 6):
 PSYoungGen      total 489472K, used 473287K [0x00000007a0000000, 0x00000007bfe00000, 0x00000007c0000000)
  eden space 456704K, 100% used [0x00000007a0000000,0x00000007bbe00000,0x00000007bbe00000)
  from space 32768K, 50% used [0x00000007bbe00000,0x00000007bce31f78,0x00000007bde00000)
  to   space 31232K, 0% used [0x00000007bdf80000,0x00000007bdf80000,0x00000007bfe00000)
 ParOldGen       total 136192K, used 97121K [0x0000000760000000, 0x0000000768500000, 0x00000007a0000000)
  object space 136192K, 71% used [0x0000000760000000,0x0000000765ed8630,0x0000000768500000)
 Metaspace       used 100688K, capacity 110488K, committed 110720K, reserved 1146880K
  class space    used 12636K, capacity 13900K, committed 13952K, reserved 1048576K
Event: 57108.926 GC heap after
Heap after GC invocations=64 (full 6):
 PSYoungGen      total 487936K, used 25738K [0x00000007a0000000, 0x00000007c0000000, 0x00000007c0000000)
  eden space 456704K, 0% used [0x00000007a0000000,0x00000007a0000000,0x00000007bbe00000)
  from space 31232K, 82% used [0x00000007bdf80000,0x00000007bf8a2910,0x00000007bfe00000)
  to   space 33792K, 0% used [0x00000007bbe00000,0x00000007bbe00000,0x00000007bdf00000)
 ParOldGen       total 136192K, used 97129K [0x0000000760000000, 0x0000000768500000, 0x00000007a0000000)
  object space 136192K, 71% used [0x0000000760000000,0x0000000765eda630,0x0000000768500000)
 Metaspace       used 100688K, capacity 110488K, committed 110720K, reserved 1146880K
  class space    used 12636K, capacity 13900K, committed 13952K, reserved 1048576K
}

